<?xml version="1.0" encoding="UTF-8"?>
<testng-results skipped="0" failed="0" ignored="4" total="5" passed="1">
  <reporter-output>
    <line>
      <![CDATA[Clicking on Manager Login tab]]>
    </line>
    <line>
      <![CDATA[Click on add customer tab: [[ChromeDriver: chrome on WINDOWS (11773e52100b657c36fe203c9d2ee2fc)] -> xpath: //button[contains(text(),'Add Customer')]]]]>
    </line>
    <line>
      <![CDATA[Enter first name in name field [[ChromeDriver: chrome on WINDOWS (11773e52100b657c36fe203c9d2ee2fc)] -> xpath: //form//input[@placeholder='First Name']]]]>
    </line>
    <line>
      <![CDATA[Enter last name in name field [[ChromeDriver: chrome on WINDOWS (11773e52100b657c36fe203c9d2ee2fc)] -> xpath: //form//input[@placeholder='Last Name']]]]>
    </line>
    <line>
      <![CDATA[Enter first name in name field [[ChromeDriver: chrome on WINDOWS (11773e52100b657c36fe203c9d2ee2fc)] -> xpath: //form//input[@placeholder='First Name']]]]>
    </line>
    <line>
      <![CDATA[Click on Add customer button [[ChromeDriver: chrome on WINDOWS (11773e52100b657c36fe203c9d2ee2fc)] -> xpath: //form//button[1]]]]>
    </line>
    <line>
      <![CDATA[Verify pop up text messageCustomer added successfully with customer id :6]]>
    </line>
    <line>
      <![CDATA[Accept pop up message]]>
    </line>
  </reporter-output>
  <suite name="Default Suite" duration-ms="6775" started-at="2022-12-13T21:13:13 GMT" finished-at="2022-12-13T21:13:20 GMT">
    <groups>
      <group name="regression">
        <method signature="BankTest.bankManagerShouldAddCustomerSuccessfully()[pri:0, instance:com.bank.testsuite.BankTest@1f57539]" name="bankManagerShouldAddCustomerSuccessfully" class="com.bank.testsuite.BankTest"/>
      </group> <!-- regression -->
      <group name="sanity">
        <method signature="BankTest.bankManagerShouldAddCustomerSuccessfully()[pri:0, instance:com.bank.testsuite.BankTest@1f57539]" name="bankManagerShouldAddCustomerSuccessfully" class="com.bank.testsuite.BankTest"/>
      </group> <!-- sanity -->
    </groups>
    <test name="xyz-bank-projectfactory-sw5" duration-ms="6775" started-at="2022-12-13T21:13:13 GMT" finished-at="2022-12-13T21:13:20 GMT">
      <class name="com.bank.testsuite.BankTest">
        <test-method status="PASS" signature="setUp()[pri:0, instance:com.bank.testsuite.BankTest@1f57539]" name="setUp" is-config="true" duration-ms="4771" started-at="2022-12-13T21:13:13 GMT" finished-at="2022-12-13T21:13:18 GMT">
          <reporter-output>
          </reporter-output>
        </test-method> <!-- setUp -->
        <test-method status="PASS" signature="inIt()[pri:0, instance:com.bank.testsuite.BankTest@1f57539]" name="inIt" is-config="true" duration-ms="35" started-at="2022-12-13T21:13:18 GMT" finished-at="2022-12-13T21:13:18 GMT">
          <reporter-output>
          </reporter-output>
        </test-method> <!-- inIt -->
        <test-method status="PASS" signature="bankManagerShouldAddCustomerSuccessfully()[pri:0, instance:com.bank.testsuite.BankTest@1f57539]" name="bankManagerShouldAddCustomerSuccessfully" duration-ms="1179" started-at="2022-12-13T21:13:18 GMT" finished-at="2022-12-13T21:13:19 GMT">
          <reporter-output>
            <line>
              <![CDATA[Clicking on Manager Login tab]]>
            </line>
            <line>
              <![CDATA[Click on add customer tab: [[ChromeDriver: chrome on WINDOWS (11773e52100b657c36fe203c9d2ee2fc)] -> xpath: //button[contains(text(),'Add Customer')]]]]>
            </line>
            <line>
              <![CDATA[Enter first name in name field [[ChromeDriver: chrome on WINDOWS (11773e52100b657c36fe203c9d2ee2fc)] -> xpath: //form//input[@placeholder='First Name']]]]>
            </line>
            <line>
              <![CDATA[Enter last name in name field [[ChromeDriver: chrome on WINDOWS (11773e52100b657c36fe203c9d2ee2fc)] -> xpath: //form//input[@placeholder='Last Name']]]]>
            </line>
            <line>
              <![CDATA[Enter first name in name field [[ChromeDriver: chrome on WINDOWS (11773e52100b657c36fe203c9d2ee2fc)] -> xpath: //form//input[@placeholder='First Name']]]]>
            </line>
            <line>
              <![CDATA[Click on Add customer button [[ChromeDriver: chrome on WINDOWS (11773e52100b657c36fe203c9d2ee2fc)] -> xpath: //form//button[1]]]]>
            </line>
            <line>
              <![CDATA[Verify pop up text messageCustomer added successfully with customer id :6]]>
            </line>
            <line>
              <![CDATA[Accept pop up message]]>
            </line>
          </reporter-output>
        </test-method> <!-- bankManagerShouldAddCustomerSuccessfully -->
        <test-method status="PASS" signature="tearDown()[pri:0, instance:com.bank.testsuite.BankTest@1f57539]" name="tearDown" is-config="true" duration-ms="755" started-at="2022-12-13T21:13:19 GMT" finished-at="2022-12-13T21:13:20 GMT">
          <reporter-output>
          </reporter-output>
        </test-method> <!-- tearDown -->
      </class> <!-- com.bank.testsuite.BankTest -->
    </test> <!-- xyz-bank-projectfactory-sw5 -->
  </suite> <!-- Default Suite -->
</testng-results>
